2024-06-28 08:07:09,824 INFO o.h.v.i.u.Version [background-preinit] HV000001: Hibernate Validator 8.0.1.Final
2024-06-28 08:07:09,860 INFO o.s.b.StartupInfoLogger [main] Starting PosApplication using Java 19.0.1 with PID 27424 (D:\Dimas\Projects\POS\pos\target\classes started by hand_ in D:\Dimas\Projects\POS\pos)
2024-06-28 08:07:09,860 DEBUG o.s.b.StartupInfoLogger [main] Running with Spring Boot v3.3.0, Spring v6.1.8
2024-06-28 08:07:09,861 INFO o.s.b.SpringApplication [main] No active profile set, falling back to 1 default profile: "default"
2024-06-28 08:07:10,616 INFO o.s.d.r.c.RepositoryConfigurationDelegate [main] Bootstrapping Spring Data JPA repositories in DEFAULT mode.
2024-06-28 08:07:10,683 INFO o.s.d.r.c.RepositoryConfigurationDelegate [main] Finished Spring Data repository scanning in 59 ms. Found 10 JPA repository interfaces.
2024-06-28 08:07:11,508 INFO o.s.b.w.e.t.TomcatWebServer [main] Tomcat initialized with port 8080 (http)
2024-06-28 08:07:11,518 INFO o.a.j.l.DirectJDKLog [main] Initializing ProtocolHandler ["http-nio-8080"]
2024-06-28 08:07:11,520 INFO o.a.j.l.DirectJDKLog [main] Starting service [Tomcat]
2024-06-28 08:07:11,520 INFO o.a.j.l.DirectJDKLog [main] Starting Servlet engine: [Apache Tomcat/10.1.24]
2024-06-28 08:07:11,599 INFO o.a.j.l.DirectJDKLog [main] Initializing Spring embedded WebApplicationContext
2024-06-28 08:07:11,600 INFO o.s.b.w.s.c.ServletWebServerApplicationContext [main] Root WebApplicationContext: initialization completed in 1699 ms
2024-06-28 08:07:11,827 INFO o.h.j.i.u.LogHelper [main] HHH000204: Processing PersistenceUnitInfo [name: default]
2024-06-28 08:07:11,901 INFO o.h.Version [main] HHH000412: Hibernate ORM core version 6.5.2.Final
2024-06-28 08:07:11,932 INFO o.h.c.i.RegionFactoryInitiator [main] HHH000026: Second-level cache disabled
2024-06-28 08:07:12,202 INFO o.s.o.j.p.SpringPersistenceUnitInfo [main] No LoadTimeWeaver setup: ignoring JPA class transformer
2024-06-28 08:07:12,226 INFO c.z.h.HikariDataSource [main] HikariPool-1 - Starting...
2024-06-28 08:07:12,322 INFO c.z.h.p.HikariPool [main] HikariPool-1 - Added connection org.postgresql.jdbc.PgConnection@6654ca0d
2024-06-28 08:07:12,323 INFO c.z.h.HikariDataSource [main] HikariPool-1 - Start completed.
2024-06-28 08:07:12,348 WARN o.h.e.j.d.i.DialectFactoryImpl [main] HHH90000025: PostgreSQLDialect does not need to be specified explicitly using 'hibernate.dialect' (remove the property setting and it will be selected by default)
2024-06-28 08:07:13,296 INFO o.h.e.t.j.p.i.JtaPlatformInitiator [main] HHH000489: No JTA platform available (set 'hibernate.transaction.jta.platform' to enable JTA platform integration)
2024-06-28 08:07:13,435 INFO o.s.o.j.AbstractEntityManagerFactoryBean [main] Initialized JPA EntityManagerFactory for persistence unit 'default'
2024-06-28 08:07:14,627 WARN o.s.b.a.o.j.JpaBaseConfiguration$JpaWebConfiguration [main] spring.jpa.open-in-view is enabled by default. Therefore, database queries may be performed during view rendering. Explicitly configure spring.jpa.open-in-view to disable this warning
2024-06-28 08:07:16,383 INFO o.a.j.l.DirectJDKLog [main] Starting ProtocolHandler ["http-nio-8080"]
2024-06-28 08:07:16,405 INFO o.s.b.w.e.t.TomcatWebServer [main] Tomcat started on port 8080 (http) with context path '/api'
2024-06-28 08:07:16,419 INFO o.s.b.StartupInfoLogger [main] Started PosApplication in 6.989 seconds (process running for 7.258)
2024-06-28 08:07:16,426 INFO c.b.p.l.StartupListener [main] Startup Listener
2024-06-28 08:07:26,084 INFO o.a.j.l.DirectJDKLog [http-nio-8080-exec-1] Initializing Spring DispatcherServlet 'dispatcherServlet'
2024-06-28 08:07:26,084 INFO o.s.w.s.FrameworkServlet [http-nio-8080-exec-1] Initializing Servlet 'dispatcherServlet'
2024-06-28 08:07:26,086 INFO o.s.w.s.FrameworkServlet [http-nio-8080-exec-1] Completed initialization in 1 ms
2024-06-28 08:07:26,555 INFO o.s.a.AbstractOpenApiResource [http-nio-8080-exec-4] Init duration for springdoc-openapi is: 261 ms
2024-06-28 08:08:55,083 INFO o.h.v.i.u.Version [background-preinit] HV000001: Hibernate Validator 8.0.1.Final
2024-06-28 08:08:55,115 INFO o.s.b.StartupInfoLogger [main] Starting PosApplication using Java 19.0.1 with PID 26756 (D:\Dimas\Projects\POS\pos\target\classes started by hand_ in D:\Dimas\Projects\POS\pos)
2024-06-28 08:08:55,115 DEBUG o.s.b.StartupInfoLogger [main] Running with Spring Boot v3.3.0, Spring v6.1.8
2024-06-28 08:08:55,116 INFO o.s.b.SpringApplication [main] No active profile set, falling back to 1 default profile: "default"
2024-06-28 08:08:55,837 INFO o.s.d.r.c.RepositoryConfigurationDelegate [main] Bootstrapping Spring Data JPA repositories in DEFAULT mode.
2024-06-28 08:08:55,913 INFO o.s.d.r.c.RepositoryConfigurationDelegate [main] Finished Spring Data repository scanning in 66 ms. Found 10 JPA repository interfaces.
2024-06-28 08:08:56,699 INFO o.s.b.w.e.t.TomcatWebServer [main] Tomcat initialized with port 8080 (http)
2024-06-28 08:08:56,712 INFO o.a.j.l.DirectJDKLog [main] Initializing ProtocolHandler ["http-nio-8080"]
2024-06-28 08:08:56,725 INFO o.a.j.l.DirectJDKLog [main] Starting service [Tomcat]
2024-06-28 08:08:56,726 INFO o.a.j.l.DirectJDKLog [main] Starting Servlet engine: [Apache Tomcat/10.1.24]
2024-06-28 08:08:56,795 INFO o.a.j.l.DirectJDKLog [main] Initializing Spring embedded WebApplicationContext
2024-06-28 08:08:56,796 INFO o.s.b.w.s.c.ServletWebServerApplicationContext [main] Root WebApplicationContext: initialization completed in 1635 ms
2024-06-28 08:08:57,007 INFO o.h.j.i.u.LogHelper [main] HHH000204: Processing PersistenceUnitInfo [name: default]
2024-06-28 08:08:57,056 INFO o.h.Version [main] HHH000412: Hibernate ORM core version 6.5.2.Final
2024-06-28 08:08:57,094 INFO o.h.c.i.RegionFactoryInitiator [main] HHH000026: Second-level cache disabled
2024-06-28 08:08:57,347 INFO o.s.o.j.p.SpringPersistenceUnitInfo [main] No LoadTimeWeaver setup: ignoring JPA class transformer
2024-06-28 08:08:57,366 INFO c.z.h.HikariDataSource [main] HikariPool-1 - Starting...
2024-06-28 08:08:57,460 INFO c.z.h.p.HikariPool [main] HikariPool-1 - Added connection org.postgresql.jdbc.PgConnection@4f6fd101
2024-06-28 08:08:57,462 INFO c.z.h.HikariDataSource [main] HikariPool-1 - Start completed.
2024-06-28 08:08:57,485 WARN o.h.e.j.d.i.DialectFactoryImpl [main] HHH90000025: PostgreSQLDialect does not need to be specified explicitly using 'hibernate.dialect' (remove the property setting and it will be selected by default)
2024-06-28 08:08:58,457 INFO o.h.e.t.j.p.i.JtaPlatformInitiator [main] HHH000489: No JTA platform available (set 'hibernate.transaction.jta.platform' to enable JTA platform integration)
2024-06-28 08:08:58,558 INFO o.s.o.j.AbstractEntityManagerFactoryBean [main] Initialized JPA EntityManagerFactory for persistence unit 'default'
2024-06-28 08:08:59,452 WARN o.s.b.a.o.j.JpaBaseConfiguration$JpaWebConfiguration [main] spring.jpa.open-in-view is enabled by default. Therefore, database queries may be performed during view rendering. Explicitly configure spring.jpa.open-in-view to disable this warning
2024-06-28 08:09:00,511 INFO o.a.j.l.DirectJDKLog [main] Starting ProtocolHandler ["http-nio-8080"]
2024-06-28 08:09:00,528 INFO o.s.b.w.e.t.TomcatWebServer [main] Tomcat started on port 8080 (http) with context path '/api'
2024-06-28 08:09:00,539 INFO o.s.b.StartupInfoLogger [main] Started PosApplication in 5.819 seconds (process running for 6.14)
2024-06-28 08:09:00,545 INFO c.b.p.l.StartupListener [main] Startup Listener
2024-06-28 08:09:03,108 INFO o.a.j.l.DirectJDKLog [http-nio-8080-exec-1] Initializing Spring DispatcherServlet 'dispatcherServlet'
2024-06-28 08:09:03,109 INFO o.s.w.s.FrameworkServlet [http-nio-8080-exec-1] Initializing Servlet 'dispatcherServlet'
2024-06-28 08:09:03,110 INFO o.s.w.s.FrameworkServlet [http-nio-8080-exec-1] Completed initialization in 1 ms
2024-06-28 08:09:03,492 INFO o.s.a.AbstractOpenApiResource [http-nio-8080-exec-3] Init duration for springdoc-openapi is: 225 ms
2024-06-28 08:09:08,384 INFO c.b.p.a.LoggingAspect [http-nio-8080-exec-5] Start login, args = [LoginRequest(email=superadmin@tes.com, password=superadmin)]
2024-06-28 08:09:08,518 INFO c.b.p.a.LoggingAspect [http-nio-8080-exec-5] End login
2024-06-28 08:09:29,997 INFO c.b.p.a.LoggingAspect [http-nio-8080-exec-6] Start updateStore, args = [UpdateStoreRequest(name=Toko B1), S2, 0]
2024-06-28 08:09:30,014 INFO c.b.p.a.LoggingAspect [http-nio-8080-exec-6] End updateStore
2024-06-28 08:09:52,588 INFO c.b.p.a.LoggingAspect [http-nio-8080-exec-7] Start login, args = [LoginRequest(email=manager@tes.com, password=manager)]
2024-06-28 08:09:52,595 INFO c.b.p.a.LoggingAspect [http-nio-8080-exec-7] End login
2024-06-28 08:10:06,657 INFO c.b.p.a.LoggingAspect [http-nio-8080-exec-9] Start updateStore, args = [UpdateStoreRequest(name=Toko B), S2, 2]
2024-06-28 08:10:06,675 INFO c.b.p.a.LoggingAspect [http-nio-8080-exec-9] End updateStore
2024-06-28 08:10:15,309 INFO c.b.p.a.LoggingAspect [http-nio-8080-exec-10] Start updateStore, args = [UpdateStoreRequest(name=Toko B1), null, 2]
2024-06-28 08:10:15,323 INFO c.b.p.a.LoggingAspect [http-nio-8080-exec-10] End updateStore
2024-06-28 08:10:23,428 INFO c.b.p.a.LoggingAspect [http-nio-8080-exec-1] Start updateStore, args = [UpdateStoreRequest(name=Toko B1), S1, 2]
2024-06-28 08:10:23,431 INFO c.b.p.a.LoggingAspect [http-nio-8080-exec-1] End updateStore
2024-06-28 08:10:30,563 INFO c.b.p.a.LoggingAspect [http-nio-8080-exec-2] Start updateStore, args = [UpdateStoreRequest(name=Toko B), S1, 2]
2024-06-28 08:10:30,568 INFO c.b.p.a.LoggingAspect [http-nio-8080-exec-2] End updateStore
2024-06-28 08:17:50,040 INFO o.h.v.i.u.Version [background-preinit] HV000001: Hibernate Validator 8.0.1.Final
2024-06-28 08:17:50,072 INFO o.s.b.StartupInfoLogger [main] Starting PosApplication using Java 19.0.1 with PID 18800 (D:\Dimas\Projects\POS\pos\target\classes started by hand_ in D:\Dimas\Projects\POS\pos)
2024-06-28 08:17:50,073 DEBUG o.s.b.StartupInfoLogger [main] Running with Spring Boot v3.3.0, Spring v6.1.8
2024-06-28 08:17:50,073 INFO o.s.b.SpringApplication [main] No active profile set, falling back to 1 default profile: "default"
2024-06-28 08:17:50,956 INFO o.s.d.r.c.RepositoryConfigurationDelegate [main] Bootstrapping Spring Data JPA repositories in DEFAULT mode.
2024-06-28 08:17:51,022 INFO o.s.d.r.c.RepositoryConfigurationDelegate [main] Finished Spring Data repository scanning in 59 ms. Found 10 JPA repository interfaces.
2024-06-28 08:17:51,824 INFO o.s.b.w.e.t.TomcatWebServer [main] Tomcat initialized with port 8080 (http)
2024-06-28 08:17:51,836 INFO o.a.j.l.DirectJDKLog [main] Initializing ProtocolHandler ["http-nio-8080"]
2024-06-28 08:17:51,839 INFO o.a.j.l.DirectJDKLog [main] Starting service [Tomcat]
2024-06-28 08:17:51,840 INFO o.a.j.l.DirectJDKLog [main] Starting Servlet engine: [Apache Tomcat/10.1.24]
2024-06-28 08:17:51,924 INFO o.a.j.l.DirectJDKLog [main] Initializing Spring embedded WebApplicationContext
2024-06-28 08:17:51,926 INFO o.s.b.w.s.c.ServletWebServerApplicationContext [main] Root WebApplicationContext: initialization completed in 1805 ms
2024-06-28 08:17:52,122 INFO o.h.j.i.u.LogHelper [main] HHH000204: Processing PersistenceUnitInfo [name: default]
2024-06-28 08:17:52,165 INFO o.h.Version [main] HHH000412: Hibernate ORM core version 6.5.2.Final
2024-06-28 08:17:52,193 INFO o.h.c.i.RegionFactoryInitiator [main] HHH000026: Second-level cache disabled
2024-06-28 08:17:52,462 INFO o.s.o.j.p.SpringPersistenceUnitInfo [main] No LoadTimeWeaver setup: ignoring JPA class transformer
2024-06-28 08:17:52,486 INFO c.z.h.HikariDataSource [main] HikariPool-1 - Starting...
2024-06-28 08:17:52,578 INFO c.z.h.p.HikariPool [main] HikariPool-1 - Added connection org.postgresql.jdbc.PgConnection@7bdb4f17
2024-06-28 08:17:52,580 INFO c.z.h.HikariDataSource [main] HikariPool-1 - Start completed.
2024-06-28 08:17:52,617 WARN o.h.e.j.d.i.DialectFactoryImpl [main] HHH90000025: PostgreSQLDialect does not need to be specified explicitly using 'hibernate.dialect' (remove the property setting and it will be selected by default)
2024-06-28 08:17:53,600 INFO o.h.e.t.j.p.i.JtaPlatformInitiator [main] HHH000489: No JTA platform available (set 'hibernate.transaction.jta.platform' to enable JTA platform integration)
2024-06-28 08:17:53,701 INFO o.s.o.j.AbstractEntityManagerFactoryBean [main] Initialized JPA EntityManagerFactory for persistence unit 'default'
2024-06-28 08:17:54,615 WARN o.s.b.a.o.j.JpaBaseConfiguration$JpaWebConfiguration [main] spring.jpa.open-in-view is enabled by default. Therefore, database queries may be performed during view rendering. Explicitly configure spring.jpa.open-in-view to disable this warning
2024-06-28 08:17:55,709 INFO o.a.j.l.DirectJDKLog [main] Starting ProtocolHandler ["http-nio-8080"]
2024-06-28 08:17:55,725 INFO o.s.b.w.e.t.TomcatWebServer [main] Tomcat started on port 8080 (http) with context path '/api'
2024-06-28 08:17:55,734 INFO o.s.b.StartupInfoLogger [main] Started PosApplication in 6.083 seconds (process running for 6.395)
2024-06-28 08:17:55,740 INFO c.b.p.l.StartupListener [main] Startup Listener
2024-06-28 08:18:38,184 INFO o.a.j.l.DirectJDKLog [http-nio-8080-exec-1] Initializing Spring DispatcherServlet 'dispatcherServlet'
2024-06-28 08:18:38,184 INFO o.s.w.s.FrameworkServlet [http-nio-8080-exec-1] Initializing Servlet 'dispatcherServlet'
2024-06-28 08:18:38,184 INFO o.s.w.s.FrameworkServlet [http-nio-8080-exec-1] Completed initialization in 0 ms
2024-06-28 08:18:38,693 INFO o.s.a.AbstractOpenApiResource [http-nio-8080-exec-3] Init duration for springdoc-openapi is: 297 ms
2024-06-28 08:18:58,002 INFO c.b.p.a.LoggingAspect [http-nio-8080-exec-5] Start login, args = [LoginRequest(email=manager@tes.com, password=manager)]
2024-06-28 08:18:58,125 INFO c.b.p.a.LoggingAspect [http-nio-8080-exec-5] End login
2024-06-28 08:19:20,577 INFO c.b.p.a.LoggingAspect [http-nio-8080-exec-7] Start login, args = [LoginRequest(email=superadmin@tes.com, password=superadmin)]
2024-06-28 08:19:20,593 INFO c.b.p.a.LoggingAspect [http-nio-8080-exec-7] End login
2024-06-28 08:19:30,238 INFO c.b.p.a.LoggingAspect [http-nio-8080-exec-8] Start delete, args = [DeleteStoreRequest(code=S1)]
2024-06-28 08:19:30,258 INFO c.b.p.a.LoggingAspect [http-nio-8080-exec-8] End delete
2024-06-28 08:19:42,960 INFO c.b.p.a.LoggingAspect [http-nio-8080-exec-10] Start delete, args = [DeleteStoreRequest(code=S1)]
2024-06-28 10:38:38,079 INFO o.h.v.i.u.Version [background-preinit] HV000001: Hibernate Validator 8.0.1.Final
2024-06-28 10:38:38,115 INFO o.s.b.StartupInfoLogger [main] Starting PosApplication using Java 19.0.1 with PID 29672 (D:\Dimas\Projects\POS\pos\target\classes started by hand_ in D:\Dimas\Projects\POS\pos)
2024-06-28 10:38:38,116 DEBUG o.s.b.StartupInfoLogger [main] Running with Spring Boot v3.3.0, Spring v6.1.8
2024-06-28 10:38:38,117 INFO o.s.b.SpringApplication [main] No active profile set, falling back to 1 default profile: "default"
2024-06-28 10:38:38,907 INFO o.s.d.r.c.RepositoryConfigurationDelegate [main] Bootstrapping Spring Data JPA repositories in DEFAULT mode.
2024-06-28 10:38:38,982 INFO o.s.d.r.c.RepositoryConfigurationDelegate [main] Finished Spring Data repository scanning in 67 ms. Found 10 JPA repository interfaces.
2024-06-28 10:38:39,851 INFO o.s.b.w.e.t.TomcatWebServer [main] Tomcat initialized with port 8080 (http)
2024-06-28 10:38:39,863 INFO o.a.j.l.DirectJDKLog [main] Initializing ProtocolHandler ["http-nio-8080"]
2024-06-28 10:38:39,877 INFO o.a.j.l.DirectJDKLog [main] Starting service [Tomcat]
2024-06-28 10:38:39,877 INFO o.a.j.l.DirectJDKLog [main] Starting Servlet engine: [Apache Tomcat/10.1.24]
2024-06-28 10:38:39,958 INFO o.a.j.l.DirectJDKLog [main] Initializing Spring embedded WebApplicationContext
2024-06-28 10:38:39,960 INFO o.s.b.w.s.c.ServletWebServerApplicationContext [main] Root WebApplicationContext: initialization completed in 1799 ms
2024-06-28 10:38:40,185 INFO o.h.j.i.u.LogHelper [main] HHH000204: Processing PersistenceUnitInfo [name: default]
2024-06-28 10:38:40,240 INFO o.h.Version [main] HHH000412: Hibernate ORM core version 6.5.2.Final
2024-06-28 10:38:40,276 INFO o.h.c.i.RegionFactoryInitiator [main] HHH000026: Second-level cache disabled
2024-06-28 10:38:40,574 INFO o.s.o.j.p.SpringPersistenceUnitInfo [main] No LoadTimeWeaver setup: ignoring JPA class transformer
2024-06-28 10:38:40,595 INFO c.z.h.HikariDataSource [main] HikariPool-1 - Starting...
2024-06-28 10:38:40,729 INFO c.z.h.p.HikariPool [main] HikariPool-1 - Added connection org.postgresql.jdbc.PgConnection@6200b644
2024-06-28 10:38:40,731 INFO c.z.h.HikariDataSource [main] HikariPool-1 - Start completed.
2024-06-28 10:38:40,759 WARN o.h.e.j.d.i.DialectFactoryImpl [main] HHH90000025: PostgreSQLDialect does not need to be specified explicitly using 'hibernate.dialect' (remove the property setting and it will be selected by default)
2024-06-28 10:38:41,781 INFO o.h.e.t.j.p.i.JtaPlatformInitiator [main] HHH000489: No JTA platform available (set 'hibernate.transaction.jta.platform' to enable JTA platform integration)
2024-06-28 10:38:41,895 INFO o.s.o.j.AbstractEntityManagerFactoryBean [main] Initialized JPA EntityManagerFactory for persistence unit 'default'
2024-06-28 10:38:42,932 WARN o.s.b.a.o.j.JpaBaseConfiguration$JpaWebConfiguration [main] spring.jpa.open-in-view is enabled by default. Therefore, database queries may be performed during view rendering. Explicitly configure spring.jpa.open-in-view to disable this warning
2024-06-28 10:38:44,026 INFO o.a.j.l.DirectJDKLog [main] Starting ProtocolHandler ["http-nio-8080"]
2024-06-28 10:38:44,054 INFO o.s.b.w.e.t.TomcatWebServer [main] Tomcat started on port 8080 (http) with context path '/api'
2024-06-28 10:38:44,066 INFO o.s.b.StartupInfoLogger [main] Started PosApplication in 6.333 seconds (process running for 6.62)
2024-06-28 10:38:44,073 INFO c.b.p.l.StartupListener [main] Startup Listener
2024-06-28 10:38:46,660 INFO o.a.j.l.DirectJDKLog [http-nio-8080-exec-1] Initializing Spring DispatcherServlet 'dispatcherServlet'
2024-06-28 10:38:46,660 INFO o.s.w.s.FrameworkServlet [http-nio-8080-exec-1] Initializing Servlet 'dispatcherServlet'
2024-06-28 10:38:46,662 INFO o.s.w.s.FrameworkServlet [http-nio-8080-exec-1] Completed initialization in 1 ms
2024-06-28 10:38:47,119 INFO o.s.a.AbstractOpenApiResource [http-nio-8080-exec-4] Init duration for springdoc-openapi is: 232 ms
2024-06-28 10:38:54,086 INFO c.b.p.a.LoggingAspect [http-nio-8080-exec-5] Start login, args = [LoginRequest(email=superadmin@tes.com, password=superadmin)]
2024-06-28 10:38:54,187 INFO c.b.p.a.LoggingAspect [http-nio-8080-exec-5] End login
2024-06-28 10:39:59,754 INFO o.h.v.i.u.Version [background-preinit] HV000001: Hibernate Validator 8.0.1.Final
2024-06-28 10:39:59,788 INFO o.s.b.StartupInfoLogger [main] Starting PosApplication using Java 19.0.1 with PID 17096 (D:\Dimas\Projects\POS\pos\target\classes started by hand_ in D:\Dimas\Projects\POS\pos)
2024-06-28 10:39:59,789 DEBUG o.s.b.StartupInfoLogger [main] Running with Spring Boot v3.3.0, Spring v6.1.8
2024-06-28 10:39:59,790 INFO o.s.b.SpringApplication [main] No active profile set, falling back to 1 default profile: "default"
2024-06-28 10:40:00,551 INFO o.s.d.r.c.RepositoryConfigurationDelegate [main] Bootstrapping Spring Data JPA repositories in DEFAULT mode.
2024-06-28 10:40:00,615 INFO o.s.d.r.c.RepositoryConfigurationDelegate [main] Finished Spring Data repository scanning in 58 ms. Found 10 JPA repository interfaces.
2024-06-28 10:40:01,431 INFO o.s.b.w.e.t.TomcatWebServer [main] Tomcat initialized with port 8080 (http)
2024-06-28 10:40:01,442 INFO o.a.j.l.DirectJDKLog [main] Initializing ProtocolHandler ["http-nio-8080"]
2024-06-28 10:40:01,453 INFO o.a.j.l.DirectJDKLog [main] Starting service [Tomcat]
2024-06-28 10:40:01,453 INFO o.a.j.l.DirectJDKLog [main] Starting Servlet engine: [Apache Tomcat/10.1.24]
2024-06-28 10:40:01,517 INFO o.a.j.l.DirectJDKLog [main] Initializing Spring embedded WebApplicationContext
2024-06-28 10:40:01,518 INFO o.s.b.w.s.c.ServletWebServerApplicationContext [main] Root WebApplicationContext: initialization completed in 1688 ms
2024-06-28 10:40:01,714 INFO o.h.j.i.u.LogHelper [main] HHH000204: Processing PersistenceUnitInfo [name: default]
2024-06-28 10:40:01,769 INFO o.h.Version [main] HHH000412: Hibernate ORM core version 6.5.2.Final
2024-06-28 10:40:01,800 INFO o.h.c.i.RegionFactoryInitiator [main] HHH000026: Second-level cache disabled
2024-06-28 10:40:02,070 INFO o.s.o.j.p.SpringPersistenceUnitInfo [main] No LoadTimeWeaver setup: ignoring JPA class transformer
2024-06-28 10:40:02,096 INFO c.z.h.HikariDataSource [main] HikariPool-1 - Starting...
2024-06-28 10:40:02,194 INFO c.z.h.p.HikariPool [main] HikariPool-1 - Added connection org.postgresql.jdbc.PgConnection@1b1ea1d9
2024-06-28 10:40:02,195 INFO c.z.h.HikariDataSource [main] HikariPool-1 - Start completed.
2024-06-28 10:40:02,231 WARN o.h.e.j.d.i.DialectFactoryImpl [main] HHH90000025: PostgreSQLDialect does not need to be specified explicitly using 'hibernate.dialect' (remove the property setting and it will be selected by default)
2024-06-28 10:40:03,164 INFO o.h.e.t.j.p.i.JtaPlatformInitiator [main] HHH000489: No JTA platform available (set 'hibernate.transaction.jta.platform' to enable JTA platform integration)
2024-06-28 10:40:03,269 INFO o.s.o.j.AbstractEntityManagerFactoryBean [main] Initialized JPA EntityManagerFactory for persistence unit 'default'
2024-06-28 10:40:04,256 WARN o.s.b.a.o.j.JpaBaseConfiguration$JpaWebConfiguration [main] spring.jpa.open-in-view is enabled by default. Therefore, database queries may be performed during view rendering. Explicitly configure spring.jpa.open-in-view to disable this warning
2024-06-28 10:40:05,423 INFO o.a.j.l.DirectJDKLog [main] Starting ProtocolHandler ["http-nio-8080"]
2024-06-28 10:40:05,440 INFO o.s.b.w.e.t.TomcatWebServer [main] Tomcat started on port 8080 (http) with context path '/api'
2024-06-28 10:40:05,450 INFO o.s.b.StartupInfoLogger [main] Started PosApplication in 6.047 seconds (process running for 6.376)
2024-06-28 10:40:05,455 INFO c.b.p.l.StartupListener [main] Startup Listener
2024-06-28 10:41:00,989 INFO o.a.j.l.DirectJDKLog [http-nio-8080-exec-1] Initializing Spring DispatcherServlet 'dispatcherServlet'
2024-06-28 10:41:00,990 INFO o.s.w.s.FrameworkServlet [http-nio-8080-exec-1] Initializing Servlet 'dispatcherServlet'
2024-06-28 10:41:00,992 INFO o.s.w.s.FrameworkServlet [http-nio-8080-exec-1] Completed initialization in 2 ms
2024-06-28 10:41:36,930 INFO c.b.p.a.LoggingAspect [http-nio-8080-exec-5] Start login, args = [LoginRequest(email=manager@tes.com, password=manager)]
2024-06-28 10:41:36,981 INFO c.b.p.a.LoggingAspect [http-nio-8080-exec-5] End login
2024-06-28 10:42:08,193 INFO o.h.v.i.u.Version [background-preinit] HV000001: Hibernate Validator 8.0.1.Final
2024-06-28 10:42:08,223 INFO o.s.b.StartupInfoLogger [main] Starting PosApplication using Java 19.0.1 with PID 24384 (D:\Dimas\Projects\POS\pos\target\classes started by hand_ in D:\Dimas\Projects\POS\pos)
2024-06-28 10:42:08,223 DEBUG o.s.b.StartupInfoLogger [main] Running with Spring Boot v3.3.0, Spring v6.1.8
2024-06-28 10:42:08,224 INFO o.s.b.SpringApplication [main] No active profile set, falling back to 1 default profile: "default"
2024-06-28 10:42:08,956 INFO o.s.d.r.c.RepositoryConfigurationDelegate [main] Bootstrapping Spring Data JPA repositories in DEFAULT mode.
2024-06-28 10:42:09,026 INFO o.s.d.r.c.RepositoryConfigurationDelegate [main] Finished Spring Data repository scanning in 62 ms. Found 10 JPA repository interfaces.
2024-06-28 10:42:09,830 INFO o.s.b.w.e.t.TomcatWebServer [main] Tomcat initialized with port 8080 (http)
2024-06-28 10:42:09,839 INFO o.a.j.l.DirectJDKLog [main] Initializing ProtocolHandler ["http-nio-8080"]
2024-06-28 10:42:09,849 INFO o.a.j.l.DirectJDKLog [main] Starting service [Tomcat]
2024-06-28 10:42:09,850 INFO o.a.j.l.DirectJDKLog [main] Starting Servlet engine: [Apache Tomcat/10.1.24]
2024-06-28 10:42:09,918 INFO o.a.j.l.DirectJDKLog [main] Initializing Spring embedded WebApplicationContext
2024-06-28 10:42:09,919 INFO o.s.b.w.s.c.ServletWebServerApplicationContext [main] Root WebApplicationContext: initialization completed in 1651 ms
2024-06-28 10:42:10,123 INFO o.h.j.i.u.LogHelper [main] HHH000204: Processing PersistenceUnitInfo [name: default]
2024-06-28 10:42:10,178 INFO o.h.Version [main] HHH000412: Hibernate ORM core version 6.5.2.Final
2024-06-28 10:42:10,222 INFO o.h.c.i.RegionFactoryInitiator [main] HHH000026: Second-level cache disabled
2024-06-28 10:42:10,521 INFO o.s.o.j.p.SpringPersistenceUnitInfo [main] No LoadTimeWeaver setup: ignoring JPA class transformer
2024-06-28 10:42:10,546 INFO c.z.h.HikariDataSource [main] HikariPool-1 - Starting...
2024-06-28 10:42:10,754 INFO c.z.h.p.HikariPool [main] HikariPool-1 - Added connection org.postgresql.jdbc.PgConnection@669c2b07
2024-06-28 10:42:10,755 INFO c.z.h.HikariDataSource [main] HikariPool-1 - Start completed.
2024-06-28 10:42:10,794 WARN o.h.e.j.d.i.DialectFactoryImpl [main] HHH90000025: PostgreSQLDialect does not need to be specified explicitly using 'hibernate.dialect' (remove the property setting and it will be selected by default)
2024-06-28 10:42:11,774 INFO o.h.e.t.j.p.i.JtaPlatformInitiator [main] HHH000489: No JTA platform available (set 'hibernate.transaction.jta.platform' to enable JTA platform integration)
2024-06-28 10:42:11,886 INFO o.s.o.j.AbstractEntityManagerFactoryBean [main] Initialized JPA EntityManagerFactory for persistence unit 'default'
2024-06-28 10:42:12,977 WARN o.s.b.a.o.j.JpaBaseConfiguration$JpaWebConfiguration [main] spring.jpa.open-in-view is enabled by default. Therefore, database queries may be performed during view rendering. Explicitly configure spring.jpa.open-in-view to disable this warning
2024-06-28 10:42:14,039 INFO o.a.j.l.DirectJDKLog [main] Starting ProtocolHandler ["http-nio-8080"]
2024-06-28 10:42:14,057 INFO o.s.b.w.e.t.TomcatWebServer [main] Tomcat started on port 8080 (http) with context path '/api'
2024-06-28 10:42:14,067 INFO o.s.b.StartupInfoLogger [main] Started PosApplication in 6.226 seconds (process running for 6.541)
2024-06-28 10:42:14,071 INFO c.b.p.l.StartupListener [main] Startup Listener
2024-06-28 10:42:15,678 INFO o.a.j.l.DirectJDKLog [http-nio-8080-exec-1] Initializing Spring DispatcherServlet 'dispatcherServlet'
2024-06-28 10:42:15,678 INFO o.s.w.s.FrameworkServlet [http-nio-8080-exec-1] Initializing Servlet 'dispatcherServlet'
2024-06-28 10:42:15,679 INFO o.s.w.s.FrameworkServlet [http-nio-8080-exec-1] Completed initialization in 1 ms
